2019-10-25 12:11:20,664 INFO o.a.j.u.JMeterUtils: Setting Locale to en_EN
2019-10-25 12:11:20,678 INFO o.a.j.JMeter: Loading user properties from: E:\apache-jmeter-5.1.1\bin\user.properties
2019-10-25 12:11:20,679 INFO o.a.j.JMeter: Loading system properties from: E:\apache-jmeter-5.1.1\bin\system.properties
2019-10-25 12:11:20,679 INFO o.a.j.JMeter: Setting JMeter property: threadNum=8
2019-10-25 12:11:20,686 INFO o.a.j.JMeter: Copyright (c) 1998-2019 The Apache Software Foundation
2019-10-25 12:11:20,686 INFO o.a.j.JMeter: Version 5.1.1 r1855137
2019-10-25 12:11:20,686 INFO o.a.j.JMeter: java.version=1.8.0_221
2019-10-25 12:11:20,686 INFO o.a.j.JMeter: java.vm.name=Java HotSpot(TM) 64-Bit Server VM
2019-10-25 12:11:20,686 INFO o.a.j.JMeter: os.name=Windows 10
2019-10-25 12:11:20,686 INFO o.a.j.JMeter: os.arch=amd64
2019-10-25 12:11:20,686 INFO o.a.j.JMeter: os.version=10.0
2019-10-25 12:11:20,686 INFO o.a.j.JMeter: file.encoding=GBK
2019-10-25 12:11:20,686 INFO o.a.j.JMeter: java.awt.headless=true
2019-10-25 12:11:20,686 INFO o.a.j.JMeter: Max memory     =1073741824
2019-10-25 12:11:20,686 INFO o.a.j.JMeter: Available Processors =4
2019-10-25 12:11:20,690 INFO o.a.j.JMeter: Default Locale=English (EN)
2019-10-25 12:11:20,690 INFO o.a.j.JMeter: JMeter  Locale=English (EN)
2019-10-25 12:11:20,690 INFO o.a.j.JMeter: JMeterHome=E:\apache-jmeter-5.1.1
2019-10-25 12:11:20,690 INFO o.a.j.JMeter: user.dir  =E:\requestnew
2019-10-25 12:11:20,691 INFO o.a.j.JMeter: PWD       =E:\requestnew
2019-10-25 12:11:20,692 INFO o.a.j.JMeter: IP: 10.110.111.31 Name: DESKTOP-83GJBH7 FullName: DESKTOP-83GJBH7
2019-10-25 12:11:20,696 INFO o.a.j.s.FileServer: Default base='E:\requestnew'
2019-10-25 12:11:20,702 INFO o.a.j.s.FileServer: Set new base='E:\test'
2019-10-25 12:11:20,856 INFO o.a.j.s.SaveService: Testplan (JMX) version: 2.2. Testlog (JTL) version: 2.2
2019-10-25 12:11:20,874 INFO o.a.j.s.SaveService: Using SaveService properties file encoding UTF-8
2019-10-25 12:11:20,881 INFO o.a.j.s.SaveService: Using SaveService properties version 5.0
2019-10-25 12:11:20,891 INFO o.a.j.s.SaveService: Loading file: E:\test\test.jmx
2019-10-25 12:11:20,947 INFO o.a.j.p.h.s.HTTPSamplerBase: Parser for text/html is org.apache.jmeter.protocol.http.parser.LagartoBasedHtmlParser
2019-10-25 12:11:20,947 INFO o.a.j.p.h.s.HTTPSamplerBase: Parser for application/xhtml+xml is org.apache.jmeter.protocol.http.parser.LagartoBasedHtmlParser
2019-10-25 12:11:20,947 INFO o.a.j.p.h.s.HTTPSamplerBase: Parser for application/xml is org.apache.jmeter.protocol.http.parser.LagartoBasedHtmlParser
2019-10-25 12:11:20,947 INFO o.a.j.p.h.s.HTTPSamplerBase: Parser for text/xml is org.apache.jmeter.protocol.http.parser.LagartoBasedHtmlParser
2019-10-25 12:11:20,947 INFO o.a.j.p.h.s.HTTPSamplerBase: Parser for text/vnd.wap.wml is org.apache.jmeter.protocol.http.parser.RegexpHTMLParser
2019-10-25 12:11:20,947 INFO o.a.j.p.h.s.HTTPSamplerBase: Parser for text/css is org.apache.jmeter.protocol.http.parser.CssParser
2019-10-25 12:11:20,975 INFO o.a.j.JMeter: Creating summariser <summary>
2019-10-25 12:11:20,981 INFO o.a.j.e.StandardJMeterEngine: Running the test!
2019-10-25 12:11:20,982 INFO o.a.j.s.SampleEvent: List of sample_variables: []
2019-10-25 12:11:20,982 INFO o.a.j.s.SampleEvent: List of sample_variables: []
2019-10-25 12:11:20,990 INFO o.a.j.e.u.CompoundVariable: Note: Function class names must contain the string: '.functions.'
2019-10-25 12:11:20,990 INFO o.a.j.e.u.CompoundVariable: Note: Function class names must not contain the string: '.gui.'
2019-10-25 12:11:21,381 INFO o.a.j.JMeter: Running test (1571976681381)
2019-10-25 12:11:21,416 INFO o.a.j.e.StandardJMeterEngine: Starting ThreadGroup: 1 : Thread Group
2019-10-25 12:11:21,416 INFO o.a.j.e.StandardJMeterEngine: Starting 8 threads for group Thread Group.
2019-10-25 12:11:21,416 INFO o.a.j.e.StandardJMeterEngine: Thread will continue on error
2019-10-25 12:11:21,416 INFO o.a.j.t.ThreadGroup: Starting thread group... number=1 threads=8 ramp-up=0 delayedStart=false
2019-10-25 12:11:21,428 INFO o.a.j.t.JMeterThread: Thread started: Thread Group 1-2
2019-10-25 12:11:21,428 INFO o.a.j.t.JMeterThread: Thread started: Thread Group 1-3
2019-10-25 12:11:21,429 INFO o.a.j.t.JMeterThread: Thread started: Thread Group 1-1
2019-10-25 12:11:21,430 INFO o.a.j.t.JMeterThread: Thread started: Thread Group 1-4
2019-10-25 12:11:21,430 INFO o.a.j.t.JMeterThread: Thread started: Thread Group 1-5
2019-10-25 12:11:21,431 INFO o.a.j.t.ThreadGroup: Started thread group number 1
2019-10-25 12:11:21,431 INFO o.a.j.e.StandardJMeterEngine: All thread groups have been started
2019-10-25 12:11:21,435 INFO o.a.j.t.JMeterThread: Thread started: Thread Group 1-7
2019-10-25 12:11:21,434 INFO o.a.j.t.JMeterThread: Thread started: Thread Group 1-6
2019-10-25 12:11:21,436 INFO o.a.j.t.JMeterThread: Thread started: Thread Group 1-8
2019-10-25 12:11:21,454 INFO o.a.j.p.h.s.HTTPHCAbstractImpl: Local host = DESKTOP-83GJBH7
2019-10-25 12:11:21,463 INFO o.a.j.p.h.s.HTTPHC4Impl: HTTP request retry count = 0
2019-10-25 12:11:21,465 INFO o.a.j.s.SampleResult: Note: Sample TimeStamps are START times
2019-10-25 12:11:21,465 INFO o.a.j.s.SampleResult: sampleresult.default.encoding is set to ISO-8859-1
2019-10-25 12:11:21,465 INFO o.a.j.s.SampleResult: sampleresult.useNanoTime=true
2019-10-25 12:11:21,465 INFO o.a.j.s.SampleResult: sampleresult.nanoThreadSleep=5000
2019-10-25 12:11:21,648 INFO o.a.j.u.JsseSSLManager: Using default SSL protocol: TLS
2019-10-25 12:11:21,648 INFO o.a.j.u.JsseSSLManager: SSL session context: per-thread
2019-10-25 12:11:30,005 INFO o.a.j.r.Summariser: summary +   3278 in 00:00:09 =  380.2/s Avg:    20 Min:     9 Max:    97 Err:     0 (0.00%) Active: 8 Started: 8 Finished: 0
2019-10-25 12:12:04,293 INFO o.a.j.r.Summariser: summary +  10911 in 00:00:34 =  318.2/s Avg:    20 Min:     7 Max:  6083 Err:     0 (0.00%) Active: 8 Started: 8 Finished: 0
2019-10-25 12:12:04,294 INFO o.a.j.r.Summariser: summary =  14189 in 00:00:43 =  330.7/s Avg:    20 Min:     7 Max:  6083 Err:     0 (0.00%)
